08:50:03.275 无法将类型为“System.String”的对象强制转换为类型“System.Data.SqlClient.SqlParameter”。
无法将类型为“System.String”的对象强制转换为类型“System.Data.SqlClient.SqlParameter”。
08:50:03.302 @DBA001 66308131
08:50:03.303 @DBA002 总经理室
08:50:03.304 @DBA003 1
08:50:03.310 @DBA001 1
08:50:03.311 @DBA002 杭州瑞阁微科技有限公司
08:50:03.312 @DBA003 
08:50:03.315 @DBA001 60978394
08:50:03.316 @DBA002 开发部
08:50:03.317 @DBA003 1
08:50:03.321 @DBA001 60994422
08:50:03.322 @DBA002 业务部
08:50:03.323 @DBA003 1
08:50:03.326 @DBA001 65983604
08:50:03.327 @DBA002 运维部
08:50:03.328 @DBA003 1
08:50:03.386 无法将类型为“System.String”的对象强制转换为类型“System.Data.SqlClient.SqlParameter”。
无法将类型为“System.String”的对象强制转换为类型“System.Data.SqlClient.SqlParameter”。
08:50:03.703 @DBB001 1354190212999779
08:50:03.704 @DBB002 程锐
08:50:03.705 @DBB003 66308131
08:50:03.987 @DBB001 4315271435865539
08:50:03.990 @DBB002 赵致茂
08:50:03.993 @DBB003 60978394
08:50:04.159 @DBB001 4315271435865539
08:50:04.161 @DBB002 赵致茂
08:50:04.163 @DBB003 60994422
08:50:04.169 @DBB001 084541646726932876
08:50:04.171 @DBB002 樊朵林
08:50:04.173 @DBB003 60994422
08:50:04.178 @DBB001 1452510056757184
08:50:04.179 @DBB002 柯建林
08:50:04.180 @DBB003 60994422
08:50:04.384 @DBB001 1704371208697992
08:50:04.386 @DBB002 吴琼
08:50:04.387 @DBB003 65983604
08:50:04.390 @DBB001 0704574003849616
08:50:04.391 @DBB002 李瑞
08:50:04.392 @DBB003 65983604
08:50:46.171 无法将类型为“System.String”的对象强制转换为类型“System.Data.SqlClient.SqlParameter”。
无法将类型为“System.String”的对象强制转换为类型“System.Data.SqlClient.SqlParameter”。
08:50:46.359 @DBA001 66308131
08:50:46.362 @DBA002 总经理室
08:50:46.364 @DBA003 1
08:50:47.067 @DBA001 1
08:50:47.071 @DBA002 杭州瑞阁微科技有限公司
08:50:47.075 @DBA003 
08:50:47.711 @DBA001 60994422
08:50:47.713 @DBA002 业务部
08:50:47.714 @DBA003 1
08:50:48.149 @DBA001 65983604
08:50:48.150 @DBA002 运维部
08:50:48.152 @DBA003 1
08:50:48.161 @DBA001 60978394
08:50:48.163 @DBA002 开发部
08:50:48.165 @DBA003 1
08:50:48.258 无法将类型为“System.String”的对象强制转换为类型“System.Data.SqlClient.SqlParameter”。
无法将类型为“System.String”的对象强制转换为类型“System.Data.SqlClient.SqlParameter”。
08:50:48.840 @DBB001 1354190212999779
08:50:48.842 @DBB002 程锐
08:50:48.844 @DBB003 66308131
08:50:48.970 @DBB001 084541646726932876
08:50:48.972 @DBB002 樊朵林
08:50:48.973 @DBB003 60994422
08:50:48.999 @DBB001 1452510056757184
08:50:49.001 @DBB002 柯建林
08:50:49.002 @DBB003 60994422
08:50:49.015 @DBB001 4315271435865539
08:50:49.017 @DBB002 赵致茂
08:50:49.018 @DBB003 60994422
08:50:49.692 @DBB001 1704371208697992
08:50:49.694 @DBB002 吴琼
08:50:49.695 @DBB003 65983604
08:50:49.715 @DBB001 0704574003849616
08:50:49.716 @DBB002 李瑞
08:50:49.717 @DBB003 65983604
08:50:49.786 @DBB001 4315271435865539
08:50:49.787 @DBB002 赵致茂
08:50:49.788 @DBB003 60978394
09:03:12.095 无法将类型为“System.String”的对象强制转换为类型“System.Data.SqlClient.SqlParameter”。
无法将类型为“System.String”的对象强制转换为类型“System.Data.SqlClient.SqlParameter”。
09:04:05.227 @DBA001 65983604
09:04:28.363 @DBA002 运维部
09:04:53.456 @DBA003 1
09:05:02.207 @DBA001 66308131
09:05:11.562 @DBA002 总经理室
09:05:13.882 @DBA003 1
09:05:14.507 @DBA001 1
09:05:15.262 @DBA002 杭州瑞阁微科技有限公司
09:05:16.803 @DBA003 
09:05:20.709 @DBA001 60978394
09:06:10.156 @DBA002 开发部
09:06:10.156 @DBA003 1
09:06:10.172 @DBA001 60994422
09:06:10.172 @DBA002 业务部
09:06:10.172 @DBA003 1
09:06:10.344 无法将类型为“System.String”的对象强制转换为类型“System.Data.SqlClient.SqlParameter”。
无法将类型为“System.String”的对象强制转换为类型“System.Data.SqlClient.SqlParameter”。
09:06:10.650 @DBB001 1704371208697992
09:06:10.651 @DBB002 吴琼
09:06:10.653 @DBB003 65983604
09:06:10.691 @DBB001 0704574003849616
09:06:10.692 @DBB002 李瑞
09:06:10.694 @DBB003 65983604
09:06:10.792 @DBB001 1354190212999779
09:06:10.793 @DBB002 程锐
09:06:10.794 @DBB003 66308131
09:06:10.929 @DBB001 4315271435865539
09:06:10.930 @DBB002 赵致茂
09:06:10.931 @DBB003 60978394
09:06:11.036 @DBB001 1452510056757184
09:06:11.040 @DBB002 柯建林
09:06:11.041 @DBB003 60994422
09:06:11.047 @DBB001 4315271435865539
09:06:11.047 @DBB002 赵致茂
09:06:11.047 @DBB003 60994422
09:06:11.063 @DBB001 084541646726932876
09:06:11.063 @DBB002 樊朵林
09:06:11.063 @DBB003 60994422
09:06:51.374 无法将类型为“System.String”的对象强制转换为类型“System.Data.SqlClient.SqlParameter”。
无法将类型为“System.String”的对象强制转换为类型“System.Data.SqlClient.SqlParameter”。
09:06:51.520 @DBA001 60994422
09:06:51.521 @DBA002 业务部
09:06:51.522 @DBA003 1
09:06:51.534 @DBA001 66308131
09:06:51.536 @DBA002 总经理室
09:06:51.537 @DBA003 1
09:06:51.553 @DBA001 60978394
09:06:51.555 @DBA002 开发部
09:06:51.556 @DBA003 1
09:06:51.570 @DBA001 65983604
09:06:51.571 @DBA002 运维部
09:06:51.572 @DBA003 1
09:06:51.587 @DBA001 1
09:06:51.588 @DBA002 杭州瑞阁微科技有限公司
09:06:51.589 @DBA003 
09:06:51.835 无法将类型为“System.String”的对象强制转换为类型“System.Data.SqlClient.SqlParameter”。
无法将类型为“System.String”的对象强制转换为类型“System.Data.SqlClient.SqlParameter”。
09:06:52.384 @DBB001 084541646726932876
09:06:52.384 @DBB002 樊朵林
09:06:52.384 @DBB003 60994422
09:06:52.893 @DBB001 1452510056757184
09:06:52.895 @DBB002 柯建林
09:06:52.898 @DBB003 60994422
09:06:52.939 @DBB001 4315271435865539
09:06:52.943 @DBB002 赵致茂
09:06:52.945 @DBB003 60994422
09:06:53.043 @DBB001 1354190212999779
09:06:53.044 @DBB002 程锐
09:06:53.045 @DBB003 66308131
09:06:53.141 @DBB001 4315271435865539
09:06:53.144 @DBB002 赵致茂
09:06:53.146 @DBB003 60978394
09:06:53.266 @DBB001 1704371208697992
09:06:53.266 @DBB002 吴琼
09:06:53.282 @DBB003 65983604
09:06:53.297 @DBB001 0704574003849616
09:06:53.297 @DBB002 李瑞
09:06:53.297 @DBB003 65983604
09:07:10.740 无法将类型为“System.String”的对象强制转换为类型“System.Data.SqlClient.SqlParameter”。
无法将类型为“System.String”的对象强制转换为类型“System.Data.SqlClient.SqlParameter”。
09:07:10.848 @DBA001 66308131
09:07:10.849 @DBA002 总经理室
09:07:10.851 @DBA003 1
09:07:10.900 @DBA001 1
09:07:10.901 @DBA002 杭州瑞阁微科技有限公司
09:07:10.902 @DBA003 
09:07:10.913 @DBA001 60994422
09:07:10.914 @DBA002 业务部
09:07:10.915 @DBA003 1
09:07:10.963 @DBA001 65983604
09:07:10.964 @DBA002 运维部
09:07:10.965 @DBA003 1
09:07:11.083 @DBA001 60978394
09:07:11.085 @DBA002 开发部
09:07:11.086 @DBA003 1
09:07:11.278 无法将类型为“System.String”的对象强制转换为类型“System.Data.SqlClient.SqlParameter”。
无法将类型为“System.String”的对象强制转换为类型“System.Data.SqlClient.SqlParameter”。
09:07:11.430 @DBB001 1354190212999779
09:07:11.432 @DBB002 程锐
09:07:11.433 @DBB003 66308131
09:07:11.572 @DBB001 084541646726932876
09:07:11.574 @DBB002 樊朵林
09:07:11.576 @DBB003 60994422
09:07:11.592 @DBB001 1452510056757184
09:07:11.593 @DBB002 柯建林
09:07:11.594 @DBB003 60994422
09:07:11.604 @DBB001 4315271435865539
09:07:11.606 @DBB002 赵致茂
09:07:11.606 @DBB003 60994422
09:07:11.693 @DBB001 1704371208697992
09:07:11.694 @DBB002 吴琼
09:07:11.695 @DBB003 65983604
09:07:11.703 @DBB001 0704574003849616
09:07:11.705 @DBB002 李瑞
09:07:11.706 @DBB003 65983604
09:07:11.771 @DBB001 4315271435865539
09:07:11.772 @DBB002 赵致茂
09:07:11.773 @DBB003 60978394
09:07:44.231 无法将类型为“System.String”的对象强制转换为类型“System.Data.SqlClient.SqlParameter”。
无法将类型为“System.String”的对象强制转换为类型“System.Data.SqlClient.SqlParameter”。
09:07:44.316 @DBA001 65983604
09:07:44.316 @DBA002 运维部
09:07:44.316 @DBA003 1
09:07:44.347 @DBA001 60994422
09:07:44.347 @DBA002 业务部
09:07:44.347 @DBA003 1
09:07:44.362 @DBA001 1
09:07:44.362 @DBA002 杭州瑞阁微科技有限公司
09:07:44.362 @DBA003 
09:07:44.378 @DBA001 60978394
09:07:44.378 @DBA002 开发部
09:07:44.378 @DBA003 1
09:07:44.409 @DBA001 66308131
09:07:44.409 @DBA002 总经理室
09:07:44.409 @DBA003 1
09:07:44.487 无法将类型为“System.String”的对象强制转换为类型“System.Data.SqlClient.SqlParameter”。
无法将类型为“System.String”的对象强制转换为类型“System.Data.SqlClient.SqlParameter”。
09:07:44.675 @DBB001 1704371208697992
09:07:44.675 @DBB002 吴琼
09:07:44.675 @DBB003 65983604
09:07:44.707 @DBB001 0704574003849616
09:07:44.707 @DBB002 李瑞
09:07:44.707 @DBB003 65983604
09:07:44.816 @DBB001 4315271435865539
09:07:44.816 @DBB002 赵致茂
09:07:44.816 @DBB003 60994422
09:07:44.831 @DBB001 1452510056757184
09:07:44.831 @DBB002 柯建林
09:07:44.831 @DBB003 60994422
09:07:44.847 @DBB001 084541646726932876
09:07:44.847 @DBB002 樊朵林
09:07:44.847 @DBB003 60994422
09:07:44.987 @DBB001 4315271435865539
09:07:44.987 @DBB002 赵致茂
09:07:44.987 @DBB003 60978394
09:07:45.081 @DBB001 1354190212999779
09:07:45.081 @DBB002 程锐
09:07:45.081 @DBB003 66308131
09:09:31.556 无法将类型为“System.String”的对象强制转换为类型“System.Data.SqlClient.SqlParameter”。
无法将类型为“System.String”的对象强制转换为类型“System.Data.SqlClient.SqlParameter”。
09:09:31.881 @DBA001 66308131
09:09:31.884 @DBA002 总经理室
09:09:31.886 @DBA003 1
09:09:31.920 @DBA001 1
09:09:31.922 @DBA002 杭州瑞阁微科技有限公司
09:09:31.924 @DBA003 
09:09:31.941 @DBA001 60978394
09:09:31.943 @DBA002 开发部
09:09:31.944 @DBA003 1
09:09:31.982 @DBA001 60994422
09:09:31.983 @DBA002 业务部
09:09:31.985 @DBA003 1
09:09:32.029 @DBA001 65983604
09:09:32.030 @DBA002 运维部
09:09:32.032 @DBA003 1
09:09:32.272 无法将类型为“System.String”的对象强制转换为类型“System.Data.SqlClient.SqlParameter”。
无法将类型为“System.String”的对象强制转换为类型“System.Data.SqlClient.SqlParameter”。
09:09:32.664 @DBB001 1354190212999779
09:09:32.665 @DBB002 程锐
09:09:32.667 @DBB003 66308131
09:09:33.302 @DBB001 4315271435865539
09:09:33.302 @DBB002 赵致茂
09:09:33.317 @DBB003 60978394
09:09:33.768 @DBB001 084541646726932876
09:09:33.768 @DBB002 樊朵林
09:09:33.783 @DBB003 60994422
09:09:33.799 @DBB001 4315271435865539
09:09:33.815 @DBB002 赵致茂
09:09:33.815 @DBB003 60994422
09:09:33.939 @DBB001 1452510056757184
09:09:33.939 @DBB002 柯建林
09:09:33.939 @DBB003 60994422
09:09:34.080 @DBB001 1704371208697992
09:09:34.095 @DBB002 吴琼
09:09:34.095 @DBB003 65983604
09:09:34.111 @DBB001 0704574003849616
09:09:34.111 @DBB002 李瑞
09:09:34.111 @DBB003 65983604
09:12:04.659 无法将类型为“System.String”的对象强制转换为类型“System.Data.SqlClient.SqlParameter”。
无法将类型为“System.String”的对象强制转换为类型“System.Data.SqlClient.SqlParameter”。
09:12:13.277 @DBA001 65983604
09:12:13.292 @DBA002 运维部
09:12:13.292 @DBA003 1
09:12:13.738 @DBA001 66308131
09:12:13.738 @DBA002 总经理室
09:12:13.738 @DBA003 1
09:12:16.455 @DBA001 1
09:12:16.455 @DBA002 杭州瑞阁微科技有限公司
09:12:16.455 @DBA003 
09:12:16.881 @DBA001 60978394
09:12:16.881 @DBA002 开发部
09:12:16.897 @DBA003 1
09:12:16.975 @DBA001 60994422
09:12:16.975 @DBA002 业务部
09:12:16.975 @DBA003 1
09:12:17.246 无法将类型为“System.String”的对象强制转换为类型“System.Data.SqlClient.SqlParameter”。
无法将类型为“System.String”的对象强制转换为类型“System.Data.SqlClient.SqlParameter”。
09:12:17.737 @DBB001 1704371208697992
09:12:17.741 @DBB002 吴琼
09:12:17.744 @DBB003 65983604
09:12:17.934 @DBB001 0704574003849616
09:12:17.936 @DBB002 李瑞
09:12:17.938 @DBB003 65983604
09:12:20.193 @DBB001 1354190212999779
09:12:20.193 @DBB002 程锐
09:12:20.208 @DBB003 66308131
09:12:21.520 @DBB001 4315271435865539
09:12:21.520 @DBB002 赵致茂
09:12:21.520 @DBB003 60978394
09:12:23.501 @DBB001 4315271435865539
09:12:23.501 @DBB002 赵致茂
09:12:23.501 @DBB003 60994422
09:12:23.868 @DBB001 084541646726932876
09:12:23.871 @DBB002 樊朵林
09:12:23.873 @DBB003 60994422
09:12:24.030 @DBB001 1452510056757184
09:12:24.032 @DBB002 柯建林
09:12:24.033 @DBB003 60994422
09:12:59.207 未将对象引用设置到对象的实例。
   在 CarpenterBll.LogHelperToSql.SaveLog(String cmdText, Object[] parameters) 位置 D:\Project data\DeTai\ReviewOrder\ReviewOrderBll\LogHelperToSql.cs:行号 69
   在 StudentMgr.SqlHelper.ExecuteSqlTran(Hashtable SQLStringList) 位置 D:\Project data\DeTai\ReviewOrder\ReviewOrderBll\SqlHelper.cs:行号 906
09:13:28.616 @PRO008 P
09:13:28.616 @PRO08 F
09:13:28.616 @PRO013 T
09:13:28.616 @PRO014 
09:13:28.616 @PRO017 T
09:13:28.632 @PRO018 
09:13:28.634 @PRO021 T
09:13:28.635 @PRO022 
09:13:28.637 @PRO025 
09:13:28.638 @PRO026 
09:13:28.640 @PRO029 
09:13:28.641 @PRO030 
09:13:28.643 @PRO033 
09:13:28.644 @PRO034 
09:13:28.645 @PRO035 
09:13:28.647 @PRO037 
09:13:28.648 @PRO038 
09:13:28.650 @PRO001 20180525000002
09:13:28.973 @PRO008 T
09:13:28.973 @PRO08 T
09:13:28.973 @PRO013 
09:13:28.973 @PRO014 
09:13:28.989 @PRO017 
09:13:28.989 @PRO018 
09:13:28.989 @PRO021 
09:13:28.989 @PRO022 
09:13:28.989 @PRO025 
09:13:28.989 @PRO026 
09:13:29.004 @PRO029 
09:13:29.004 @PRO030 
09:13:29.004 @PRO033 
09:13:29.004 @PRO034 
09:13:29.004 @PRO035 1003
09:13:29.004 @PRO037 T
09:13:29.020 @PRO038 
09:13:29.020 @PRO001 20180525000003
09:13:29.304 @PRO008 P
09:13:29.304 @PRO08 F
09:13:29.304 @PRO013 T
09:13:29.304 @PRO014 
09:13:29.319 @PRO017 T
09:13:29.319 @PRO018 
09:13:29.319 @PRO021 
09:13:29.319 @PRO022 
09:13:29.319 @PRO025 
09:13:29.319 @PRO026 
09:13:29.335 @PRO029 
09:13:29.335 @PRO030 
09:13:29.335 @PRO033 
09:13:29.335 @PRO034 
09:13:29.335 @PRO035 
09:13:29.335 @PRO037 
09:13:29.350 @PRO038 
09:13:29.350 @PRO001 20180522000001
09:13:29.397 @PRO008 T
09:13:29.397 @PRO011 
09:13:29.397 @PRO012 程锐
09:13:29.397 @PRO013 True
09:13:29.397 @PRO014 
09:13:29.397 @PRO015 1002
09:13:29.413 @PRO016 赵致茂
09:13:29.413 @PRO017 True
09:13:29.413 @PRO018 
09:13:29.413 @PRO019 1003
09:13:29.413 @PRO020 吴琼
09:13:29.413 @PRO021 True
09:13:29.413 @PRO022 
09:13:29.413 @PRO023 
09:13:29.413 @PRO024 
09:13:29.413 @PRO025 False
09:13:29.413 @PRO026 
09:13:29.413 @PRO027 
09:13:29.413 @PRO028 
09:13:29.428 @PRO029 False
09:13:29.428 @PRO030 
09:13:29.428 @PRO031 
09:13:29.428 @PRO032 
09:13:29.428 @PRO033 False
09:13:29.428 @PRO034 
09:13:29.428 @PRO035 
09:13:29.428 @PRO036 
09:13:29.428 @PRO037 False
09:13:29.428 @PRO038 
09:13:29.428 @PRO001 20180525000002
09:13:29.835 @PRO008 T
09:13:29.850 @PRO08 T
09:13:29.850 @PRO013 T
09:13:29.850 @PRO014 
09:13:29.850 @PRO017 
09:13:29.850 @PRO018 
09:13:29.850 @PRO021 
09:13:29.866 @PRO022 
09:13:29.866 @PRO025 
09:13:29.866 @PRO026 
09:13:29.866 @PRO029 
09:13:29.866 @PRO030 
09:13:29.866 @PRO033 
09:13:29.866 @PRO034 
09:13:29.866 @PRO035 1003
09:13:29.882 @PRO037 T
09:13:29.882 @PRO038 
09:13:29.882 @PRO001 20180522000003
09:13:30.210 @PRO008 T
09:13:30.211 @PRO011 1002
09:13:30.213 @PRO012 赵致茂
09:13:30.214 @PRO013 True
09:13:30.215 @PRO014 
09:13:30.216 @PRO015 1003
09:13:30.217 @PRO016 吴琼
09:13:30.218 @PRO017 True
09:13:30.219 @PRO018 
09:13:30.220 @PRO019 
09:13:30.221 @PRO020 
09:13:30.223 @PRO021 False
09:13:30.224 @PRO022 
09:13:30.225 @PRO023 
09:13:30.225 @PRO024 
09:13:30.226 @PRO025 False
09:13:30.227 @PRO026 
09:13:30.228 @PRO027 
09:13:30.229 @PRO028 
09:13:30.230 @PRO029 False
09:13:30.231 @PRO030 
09:13:30.232 @PRO031 
09:13:30.233 @PRO032 
09:13:30.234 @PRO033 False
09:13:30.235 @PRO034 
09:13:30.236 @PRO035 
09:13:30.237 @PRO036 
09:13:30.238 @PRO037 False
09:13:30.239 @PRO038 
09:13:30.240 @PRO001 20180522000001
09:13:30.297 @PRO008 E
09:13:30.301 @PRO011 
09:13:30.303 @PRO012 
09:13:30.307 @PRO013 False
09:13:30.309 @PRO014 
09:13:30.311 @PRO015 
09:13:30.313 @PRO016 
09:13:30.315 @PRO017 False
09:13:30.317 @PRO018 
09:13:30.319 @PRO019 
09:13:30.321 @PRO020 
09:13:30.323 @PRO021 False
09:13:30.325 @PRO022 
09:13:30.328 @PRO023 
09:13:30.330 @PRO024 
09:13:30.331 @PRO025 False
09:13:30.333 @PRO026 
09:13:30.335 @PRO027 
09:13:30.337 @PRO028 
09:13:30.338 @PRO029 False
09:13:30.339 @PRO030 
09:13:30.340 @PRO031 
09:13:30.341 @PRO032 
09:13:30.343 @PRO033 False
09:13:30.344 @PRO034 
09:13:30.345 @PRO035 1003
09:13:30.345 @PRO036 吴琼
09:13:30.347 @PRO037 True
09:13:30.348 @PRO038 
09:13:30.348 @PRO001 20180525000003
09:13:31.056 @PRO008 P
09:13:31.056 @PRO08 F
09:13:31.056 @PRO013 T
09:13:31.056 @PRO014 
09:13:31.056 @PRO017 
09:13:31.056 @PRO018 
09:13:31.056 @PRO021 
09:13:31.056 @PRO022 
09:13:31.056 @PRO025 
09:13:31.056 @PRO026 
09:13:31.056 @PRO029 
09:13:31.056 @PRO030 
09:13:31.056 @PRO033 
09:13:31.056 @PRO034 
09:13:31.071 @PRO035 
09:13:31.071 @PRO037 
09:13:31.071 @PRO038 
09:13:31.071 @PRO001 20180608000002
09:13:31.462 @PRO008 T
09:13:31.462 @PRO011 1002
09:13:31.478 @PRO012 赵致茂
09:13:31.478 @PRO013 True
09:13:31.478 @PRO014 
09:13:31.478 @PRO015 
09:13:31.478 @PRO016 
09:13:31.478 @PRO017 False
09:13:31.478 @PRO018 
09:13:31.493 @PRO019 
09:13:31.493 @PRO020 
09:13:31.493 @PRO021 False
09:13:31.493 @PRO022 
09:13:31.493 @PRO023 
09:13:31.493 @PRO024 
09:13:31.509 @PRO025 False
09:13:31.509 @PRO026 
09:13:31.509 @PRO027 
09:13:31.509 @PRO028 
09:13:31.509 @PRO029 False
09:13:31.509 @PRO030 
09:13:31.509 @PRO031 
09:13:31.509 @PRO032 
09:13:31.509 @PRO033 False
09:13:31.509 @PRO034 
09:13:31.509 @PRO035 
09:13:31.509 @PRO036 
09:13:31.509 @PRO037 False
09:13:31.509 @PRO038 
09:13:31.509 @PRO001 20180608000002
