14:09:59.258 无法将类型为“System.Object[]”的对象强制转换为类型“System.Data.SqlClient.SqlParameter[]”。
无法将类型为“System.Object[]”的对象强制转换为类型“System.Data.SqlClient.SqlParameter[]”。
14:09:59.293 @DBA001 66308131
14:09:59.295 @DBA002 总经理室
14:09:59.296 @DBA003 1
14:09:59.301 @DBA001 1
14:09:59.303 @DBA002 杭州瑞阁微科技有限公司
14:09:59.304 @DBA003 
14:09:59.307 @DBA001 60994422
14:09:59.308 @DBA002 业务部
14:09:59.310 @DBA003 1
14:09:59.313 @DBA001 65983604
14:09:59.315 @DBA002 运维部
14:09:59.316 @DBA003 1
14:09:59.320 @DBA001 60978394
14:09:59.321 @DBA002 开发部
14:09:59.322 @DBA003 1
14:09:59.385 无法将类型为“System.Object[]”的对象强制转换为类型“System.Data.SqlClient.SqlParameter[]”。
无法将类型为“System.Object[]”的对象强制转换为类型“System.Data.SqlClient.SqlParameter[]”。
14:09:59.533 @DBB001 1354190212999779
14:09:59.534 @DBB002 程锐
14:09:59.535 @DBB003 66308131
14:09:59.649 @DBB001 084541646726932876
14:09:59.650 @DBB002 樊朵林
14:09:59.652 @DBB003 60994422
14:09:59.657 @DBB001 1045254638698215
14:09:59.658 @DBB002 唐婷
14:09:59.660 @DBB003 60994422
14:09:59.665 @DBB001 1452510056757184
14:09:59.666 @DBB002 柯建林
14:09:59.668 @DBB003 60994422
14:09:59.673 @DBB001 4315271435865539
14:09:59.674 @DBB002 赵致茂
14:09:59.675 @DBB003 60994422
14:09:59.724 @DBB001 0704574003849616
14:09:59.725 @DBB002 李瑞
14:09:59.726 @DBB003 65983604
14:09:59.730 @DBB001 1704371208697992
14:09:59.732 @DBB002 吴琼
14:09:59.733 @DBB003 65983604
14:09:59.783 @DBB001 4315271435865539
14:09:59.785 @DBB002 赵致茂
14:09:59.786 @DBB003 60978394
14:11:01.408 @PRO008 P
14:11:01.409 @PRO08 F
14:11:01.411 @PRO013 T
14:11:01.412 @PRO014 
14:11:01.414 @PRO017 T
14:11:01.415 @PRO018 
14:11:01.417 @PRO021 
14:11:01.418 @PRO022 
14:11:01.420 @PRO025 
14:11:01.421 @PRO026 
14:11:01.422 @PRO029 
14:11:01.423 @PRO030 
14:11:01.425 @PRO033 
14:11:01.426 @PRO034 
14:11:01.428 @PRO035 
14:11:01.429 @PRO037 
14:11:01.430 @PRO038 
14:11:01.432 @PRO001 20180522000001
14:11:01.514 @PRO008 T
14:11:01.516 @PRO011 
14:11:01.517 @PRO012 程锐
14:11:01.518 @PRO013 True
14:11:01.519 @PRO014 
14:11:01.520 @PRO015 
14:11:01.521 @PRO016 赵致茂
14:11:01.523 @PRO017 True
14:11:01.524 @PRO018 
14:11:01.525 @PRO019 1003
14:11:01.526 @PRO020 吴琼
14:11:01.528 @PRO021 True
14:11:01.529 @PRO022 
14:11:01.531 @PRO023 
14:11:01.532 @PRO024 
14:11:01.534 @PRO025 False
14:11:01.535 @PRO026 
14:11:01.537 @PRO027 
14:11:01.538 @PRO028 
14:11:01.540 @PRO029 False
14:11:01.541 @PRO030 
14:11:01.543 @PRO031 
14:11:01.545 @PRO032 
14:11:01.546 @PRO033 False
14:11:01.548 @PRO034 
14:11:01.549 @PRO035 
14:11:01.551 @PRO036 
14:11:01.553 @PRO037 False
14:11:01.554 @PRO038 
14:11:01.556 @PRO001 20180525000002
14:11:01.564 @PRO008 T
14:11:01.565 @PRO08 T
14:11:01.566 @PRO013 T
14:11:01.567 @PRO014 
14:11:01.568 @PRO017 
14:11:01.569 @PRO018 
14:11:01.570 @PRO021 
14:11:01.571 @PRO022 
14:11:01.572 @PRO025 
14:11:01.573 @PRO026 
14:11:01.574 @PRO029 
14:11:01.575 @PRO030 
14:11:01.575 @PRO033 
14:11:01.576 @PRO034 
14:11:01.577 @PRO035 1003
14:11:01.578 @PRO037 T
14:11:01.579 @PRO038 
14:11:01.580 @PRO001 20180522000003
14:11:01.588 @PRO008 T
14:11:01.589 @PRO08 T
14:11:01.590 @PRO013 
14:11:01.591 @PRO014 
14:11:01.592 @PRO017 
14:11:01.593 @PRO018 
14:11:01.594 @PRO021 
14:11:01.595 @PRO022 
14:11:01.596 @PRO025 
14:11:01.597 @PRO026 
14:11:01.598 @PRO029 
14:11:01.599 @PRO030 
14:11:01.600 @PRO033 
14:11:01.601 @PRO034 
14:11:01.602 @PRO035 1003
14:11:01.603 @PRO037 T
14:11:01.604 @PRO038 
14:11:01.605 @PRO001 20180525000003
14:11:01.613 @PRO008 E
14:11:01.614 @PRO011 
14:11:01.616 @PRO012 赵致茂
14:11:01.617 @PRO013 True
14:11:01.619 @PRO014 
14:11:01.620 @PRO015 
14:11:01.622 @PRO016 
14:11:01.623 @PRO017 False
14:11:01.624 @PRO018 
14:11:01.625 @PRO019 
14:11:01.626 @PRO020 
14:11:01.626 @PRO021 False
14:11:01.627 @PRO022 
14:11:01.628 @PRO023 
14:11:01.629 @PRO024 
14:11:01.630 @PRO025 False
14:11:01.632 @PRO026 
14:11:01.635 @PRO027 
14:11:01.636 @PRO028 
14:11:01.637 @PRO029 False
14:11:01.638 @PRO030 
14:11:01.639 @PRO031 
14:11:01.640 @PRO032 
14:11:01.641 @PRO033 False
14:11:01.642 @PRO034 
14:11:01.644 @PRO035 1003
14:11:01.645 @PRO036 吴琼
14:11:01.647 @PRO037 True
14:11:01.648 @PRO038 
14:11:01.649 @PRO001 20180522000003
14:11:01.652 @PRO008 E
14:11:01.653 @PRO011 
14:11:01.654 @PRO012 
14:11:01.655 @PRO013 False
14:11:01.656 @PRO014 
14:11:01.658 @PRO015 
14:11:01.659 @PRO016 
14:11:01.660 @PRO017 False
14:11:01.661 @PRO018 
14:11:01.662 @PRO019 
14:11:01.663 @PRO020 
14:11:01.664 @PRO021 False
14:11:01.664 @PRO022 
14:11:01.665 @PRO023 
14:11:01.667 @PRO024 
14:11:01.668 @PRO025 False
14:11:01.668 @PRO026 
14:11:01.670 @PRO027 
14:11:01.671 @PRO028 
14:11:01.672 @PRO029 False
14:11:01.673 @PRO030 
14:11:01.674 @PRO031 
14:11:01.675 @PRO032 
14:11:01.676 @PRO033 False
14:11:01.677 @PRO034 
14:11:01.678 @PRO035 1003
14:11:01.679 @PRO036 吴琼
14:11:01.680 @PRO037 True
14:11:01.680 @PRO038 
14:11:01.681 @PRO001 20180525000003
14:11:01.685 @PRO008 P
14:11:01.686 @PRO08 F
14:11:01.687 @PRO013 T
14:11:01.689 @PRO014 
14:11:01.690 @PRO017 T
14:11:01.691 @PRO018 
14:11:01.692 @PRO021 T
14:11:01.693 @PRO022 
14:11:01.694 @PRO025 
14:11:01.695 @PRO026 
14:11:01.696 @PRO029 
14:11:01.697 @PRO030 
14:11:01.698 @PRO033 
14:11:01.699 @PRO034 
14:11:01.700 @PRO035 
14:11:01.701 @PRO037 
14:11:01.701 @PRO038 
14:11:01.702 @PRO001 20180525000002
14:11:01.721 @PRO008 T
14:11:01.722 @PRO011 
14:11:01.724 @PRO012 赵致茂
14:11:01.725 @PRO013 True
14:11:01.726 @PRO014 
14:11:01.727 @PRO015 1003
14:11:01.728 @PRO016 吴琼
14:11:01.729 @PRO017 True
14:11:01.730 @PRO018 
14:11:01.731 @PRO019 
14:11:01.732 @PRO020 
14:11:01.733 @PRO021 False
14:11:01.734 @PRO022 
14:11:01.735 @PRO023 
14:11:01.736 @PRO024 
14:11:01.737 @PRO025 False
14:11:01.738 @PRO026 
14:11:01.739 @PRO027 
14:11:01.740 @PRO028 
14:11:01.741 @PRO029 False
14:11:01.742 @PRO030 
14:11:01.743 @PRO031 
14:11:01.744 @PRO032 
14:11:01.745 @PRO033 False
14:11:01.746 @PRO034 
14:11:01.747 @PRO035 
14:11:01.748 @PRO036 
14:11:01.749 @PRO037 False
14:11:01.750 @PRO038 
14:11:01.751 @PRO001 20180522000001
14:12:02.113 @PRO008 P
14:12:02.114 @PRO08 F
14:12:02.116 @PRO013 T
14:12:02.117 @PRO014 
14:12:02.119 @PRO017 T
14:12:02.120 @PRO018 
14:12:02.122 @PRO021 
14:12:02.123 @PRO022 
14:12:02.125 @PRO025 
14:12:02.127 @PRO026 
14:12:02.129 @PRO029 
14:12:02.131 @PRO030 
14:12:02.132 @PRO033 
14:12:02.134 @PRO034 
14:12:02.136 @PRO035 
14:12:02.137 @PRO037 
14:12:02.139 @PRO038 
14:12:02.140 @PRO001 20180522000001
14:12:02.146 @PRO008 T
14:12:02.147 @PRO011 1002
14:12:02.149 @PRO012 赵致茂
14:12:02.150 @PRO013 True
14:12:02.152 @PRO014 
14:12:02.154 @PRO015 1003
14:12:02.155 @PRO016 吴琼
14:12:02.156 @PRO017 True
14:12:02.158 @PRO018 
14:12:02.160 @PRO019 
14:12:02.161 @PRO020 
14:12:02.163 @PRO021 False
14:12:02.164 @PRO022 
14:12:02.166 @PRO023 
14:12:02.167 @PRO024 
14:12:02.168 @PRO025 False
14:12:02.170 @PRO026 
14:12:02.172 @PRO027 
14:12:02.173 @PRO028 
14:12:02.174 @PRO029 False
14:12:02.176 @PRO030 
14:12:02.178 @PRO031 
14:12:02.179 @PRO032 
14:12:02.181 @PRO033 False
14:12:02.182 @PRO034 
14:12:02.184 @PRO035 
14:12:02.185 @PRO036 
14:12:02.187 @PRO037 False
14:12:02.188 @PRO038 
14:12:02.190 @PRO001 20180522000001
14:12:02.195 @PRO008 T
14:12:02.197 @PRO011 1001
14:12:02.198 @PRO012 程锐
14:12:02.199 @PRO013 True
14:12:02.200 @PRO014 
14:12:02.201 @PRO015 1002
14:12:02.202 @PRO016 赵致茂
14:12:02.203 @PRO017 True
14:12:02.204 @PRO018 
14:12:02.205 @PRO019 1003
14:12:02.206 @PRO020 吴琼
14:12:02.207 @PRO021 True
14:12:02.208 @PRO022 
14:12:02.210 @PRO023 
14:12:02.210 @PRO024 
14:12:02.211 @PRO025 False
14:12:02.212 @PRO026 
14:12:02.213 @PRO027 
14:12:02.214 @PRO028 
14:12:02.215 @PRO029 False
14:12:02.216 @PRO030 
14:12:02.217 @PRO031 
14:12:02.218 @PRO032 
14:12:02.219 @PRO033 False
14:12:02.220 @PRO034 
14:12:02.221 @PRO035 
14:12:02.222 @PRO036 
14:12:02.223 @PRO037 False
14:12:02.224 @PRO038 
14:12:02.225 @PRO001 20180525000002
14:12:02.230 @PRO008 P
14:12:02.231 @PRO08 F
14:12:02.232 @PRO013 T
14:12:02.233 @PRO014 
14:12:02.234 @PRO017 T
14:12:02.235 @PRO018 
14:12:02.236 @PRO021 T
14:12:02.238 @PRO022 
14:12:02.239 @PRO025 
14:12:02.240 @PRO026 
14:12:02.241 @PRO029 
14:12:02.242 @PRO030 
14:12:02.243 @PRO033 
14:12:02.244 @PRO034 
14:12:02.245 @PRO035 
14:12:02.246 @PRO037 
14:12:02.247 @PRO038 
14:12:02.248 @PRO001 20180525000002
14:32:07.180 无法将类型为“System.String”的对象强制转换为类型“System.Data.SqlClient.SqlParameter”。
无法将类型为“System.String”的对象强制转换为类型“System.Data.SqlClient.SqlParameter”。
14:32:07.208 @DBA001 66308131
14:32:07.210 @DBA002 总经理室
14:32:07.212 @DBA003 1
14:32:07.215 @DBA001 1
14:32:07.216 @DBA002 杭州瑞阁微科技有限公司
14:32:07.217 @DBA003 
14:32:07.220 @DBA001 60978394
14:32:07.222 @DBA002 开发部
14:32:07.223 @DBA003 1
14:32:07.225 @DBA001 60994422
14:32:07.227 @DBA002 业务部
14:32:07.228 @DBA003 1
14:32:07.232 @DBA001 65983604
14:32:07.233 @DBA002 运维部
14:32:07.234 @DBA003 1
14:32:07.298 无法将类型为“System.String”的对象强制转换为类型“System.Data.SqlClient.SqlParameter”。
无法将类型为“System.String”的对象强制转换为类型“System.Data.SqlClient.SqlParameter”。
14:32:07.425 @DBB001 1354190212999779
14:32:07.427 @DBB002 程锐
14:32:07.428 @DBB003 66308131
14:32:07.533 @DBB001 4315271435865539
14:32:07.535 @DBB002 赵致茂
14:32:07.538 @DBB003 60978394
14:32:07.601 @DBB001 4315271435865539
14:32:07.602 @DBB002 赵致茂
14:32:07.604 @DBB003 60994422
14:32:07.607 @DBB001 084541646726932876
14:32:07.609 @DBB002 樊朵林
14:32:07.611 @DBB003 60994422
14:32:07.615 @DBB001 1045254638698215
14:32:07.617 @DBB002 唐婷
14:32:07.618 @DBB003 60994422
14:32:07.622 @DBB001 1452510056757184
14:32:07.623 @DBB002 柯建林
14:32:07.625 @DBB003 60994422
14:32:07.682 @DBB001 0704574003849616
14:32:07.683 @DBB002 李瑞
14:32:07.684 @DBB003 65983604
14:32:07.689 @DBB001 1704371208697992
14:32:07.690 @DBB002 吴琼
14:32:07.692 @DBB003 65983604
